<?xml version="1.0" encoding="UTF-8"?>
<testng-results skipped="0" failed="0" ignored="0" total="1" passed="1">
  <reporter-output>
  </reporter-output>
  <suite name="Riddhi_Housing_Society" duration-ms="21645" started-at="2023-08-26T12:05:50 IST" finished-at="2023-08-26T12:06:11 IST">
    <groups>
    </groups>
    <test name="RiddhiHousingSociety Test" duration-ms="21645" started-at="2023-08-26T12:05:50 IST" finished-at="2023-08-26T12:06:11 IST">
      <class name="com.riddhiHousingSociety.testCases.TC_ListResidentUpdateTeat_011">
        <test-method status="PASS" signature="setup(java.lang.String)[pri:0, instance:com.riddhiHousingSociety.testCases.TC_ListResidentUpdateTeat_011@2db7a79b]" name="setup" is-config="true" duration-ms="8933" started-at="2023-08-26T12:05:50 IST" finished-at="2023-08-26T12:05:59 IST">
          <params>
            <param index="0">
              <value>
                <![CDATA[chrome]]>
              </value>
            </param>
          </params>
          <reporter-output>
          </reporter-output>
        </test-method> <!-- setup -->
        <test-method status="PASS" signature="listResidentUpdateTest()[pri:0, instance:com.riddhiHousingSociety.testCases.TC_ListResidentUpdateTeat_011@2db7a79b]" name="listResidentUpdateTest" duration-ms="11706" started-at="2023-08-26T12:05:59 IST" finished-at="2023-08-26T12:06:10 IST">
          <reporter-output>
          </reporter-output>
        </test-method> <!-- listResidentUpdateTest -->
        <test-method status="PASS" signature="tearDown()[pri:0, instance:com.riddhiHousingSociety.testCases.TC_ListResidentUpdateTeat_011@2db7a79b]" name="tearDown" is-config="true" duration-ms="828" started-at="2023-08-26T12:06:10 IST" finished-at="2023-08-26T12:06:11 IST">
          <reporter-output>
          </reporter-output>
        </test-method> <!-- tearDown -->
      </class> <!-- com.riddhiHousingSociety.testCases.TC_ListResidentUpdateTeat_011 -->
    </test> <!-- RiddhiHousingSociety Test -->
  </suite> <!-- Riddhi_Housing_Society -->
</testng-results>
